<?xml version="1.0" encoding="UTF-8"?>
<testng-results ignored="0" total="1" passed="1" failed="0" skipped="0">
  <reporter-output>
  </reporter-output>
  <suite started-at="2023-04-22T17:07:58 EDT" name="Default suite" finished-at="2023-04-22T17:09:16 EDT" duration-ms="77963">
    <groups>
    </groups>
    <test started-at="2023-04-22T17:07:58 EDT" name="Default test" finished-at="2023-04-22T17:09:16 EDT" duration-ms="77963">
      <class name="TestLayer.User_Address">
        <test-method is-config="true" signature="initsetup()[pri:0, instance:TestLayer.User_Address@9597028]" started-at="2023-04-22T17:07:58 EDT" name="initsetup" finished-at="2023-04-22T17:08:05 EDT" duration-ms="7714" status="PASS">
          <reporter-output>
          </reporter-output>
        </test-method> <!-- initsetup -->
        <test-method signature="accountLogIn()[pri:1, instance:TestLayer.User_Address@9597028]" started-at="2023-04-22T17:08:05 EDT" name="accountLogIn" finished-at="2023-04-22T17:09:15 EDT" duration-ms="70029" status="PASS">
          <reporter-output>
          </reporter-output>
        </test-method> <!-- accountLogIn -->
        <test-method is-config="true" signature="quit()[pri:0, instance:TestLayer.User_Address@9597028]" started-at="2023-04-22T17:09:15 EDT" name="quit" finished-at="2023-04-22T17:09:16 EDT" duration-ms="189" status="PASS">
          <reporter-output>
          </reporter-output>
        </test-method> <!-- quit -->
      </class> <!-- TestLayer.User_Address -->
    </test> <!-- Default test -->
  </suite> <!-- Default suite -->
</testng-results>
