<?xml version="1.0" encoding="UTF-8"?>
<!-- Generated by org.testng.reporters.JUnitXMLReporter -->
<testsuite ignored="0" hostname="DESKTOP-83G703B" failures="1" tests="1" name="Test" time="4.783" errors="0" timestamp="2023-03-27T13:21:51 EDT">
  <testcase classname="TestLayer.CreateACC" name="validusername" time="0.004">
    <failure type="java.lang.NullPointerException" message="Cannot invoke &amp;quot;POM.CreateACCPOM.get_title()&amp;quot; because &amp;quot;this.accpom&amp;quot; is null">
      <![CDATA[java.lang.NullPointerException: Cannot invoke "POM.CreateACCPOM.get_title()" because "this.accpom" is null
at TestLayer.CreateACC.validusername(CreateACC.java:31)
at java.base/java.util.ArrayList.forEach(ArrayList.java:1511)
... Removed 27 stack frames]]>
    </failure>
  </testcase> <!-- validusername -->
</testsuite> <!-- Test -->
