<?xml version="1.0" encoding="UTF-8"?>
<!-- Generated by org.testng.reporters.JUnitReportReporter -->
<testsuite hostname="DESKTOP-83G703B" failures="0" tests="3" name="TestLayer.User_Login" time="29.589" errors="0" timestamp="2023-04-22T16:56:34 EDT" skipped="0">
  <testcase classname="TestLayer.User_Login" name="LogIn" time="9.451"/>
  <system-out/>
  <testcase classname="TestLayer.User_Login" name="LogIn" time="9.403"/>
  <system-out/>
  <testcase classname="TestLayer.User_Login" name="LogIn" time="10.735"/>
  <system-out/>
</testsuite> <!-- TestLayer.User_Login -->
